<?xml version="1.0" encoding="UTF-8"?>
<!-- Generated by org.testng.reporters.JUnitReportReporter -->
<testsuite hostname="DESKTOP-8PK82TL" failures="0" tests="1" name="com.inetbanking.testCases.TC_LoginTest_001" time="2.487" errors="0" timestamp="12 Apr 2020 23:11:46 GMT" skipped="0">
  <testcase classname="com.inetbanking.testCases.TC_LoginTest_001" name="loginTest" time="2.487"/>
</testsuite> <!-- com.inetbanking.testCases.TC_LoginTest_001 -->
