<?xml version="1.0" encoding="UTF-8"?>
<!-- Generated by org.testng.reporters.JUnitReportReporter -->
<testsuite hostname="DESKTOP-8PK82TL" failures="0" tests="1" name="com.inetbanking.testCases.TC_LoginTest_001" time="3.516" errors="0" timestamp="10 Apr 2020 17:28:49 GMT" skipped="0">
  <testcase classname="com.inetbanking.testCases.TC_LoginTest_001" name="loginTest" time="3.516"/>
</testsuite> <!-- com.inetbanking.testCases.TC_LoginTest_001 -->
